<?xml version="1.0" encoding="UTF-8"?>
<!-- Generated by org.testng.reporters.JUnitReportReporter -->
<testsuite hostname="Jamess-MBP" name="runner.TestRunner" tests="2" failures="0" timestamp="5 Sep 2018 19:17:31 GMT" time="41.070" errors="0">
  <testcase name="feature" time="21.579" classname="runner.TestRunner"/>
  <testcase name="feature" time="19.491" classname="runner.TestRunner"/>
</testsuite> <!-- runner.TestRunner -->
